<?xml version="1.0" encoding="UTF-8"?>
<testng-results ignored="0" total="6" passed="6" failed="0" skipped="0">
  <reporter-output>
  </reporter-output>
  <suite started-at="2024-02-16T14:56:37 EST" name="CrossBrowserTesting" finished-at="2024-02-16T14:58:07 EST" duration-ms="90215">
    <groups>
      <group name="cucumber">
        <method signature="AbstractTestNGCucumberTests.runScenario(io.cucumber.testng.PickleWrapper,io.cucumber.testng.FeatureWrapper)[pri:0, instance:testrunner.TestRunner1@55183b20]" name="runScenario" class="io.cucumber.testng.AbstractTestNGCucumberTests"/>
        <method signature="AbstractTestNGCucumberTests.runScenario(io.cucumber.testng.PickleWrapper,io.cucumber.testng.FeatureWrapper)[pri:0, instance:testrunner.TestRunner1@74235045]" name="runScenario" class="io.cucumber.testng.AbstractTestNGCucumberTests"/>
      </group> <!-- cucumber -->
    </groups>
    <test started-at="2024-02-16T14:56:37 EST" name="ChromeTest" finished-at="2024-02-16T14:57:20 EST" duration-ms="42823">
      <class name="testrunner.TestRunner1">
        <test-method is-config="true" signature="defineBrowser(java.lang.String)[pri:0, instance:testrunner.TestRunner1@55183b20]" started-at="2024-02-16T14:56:37 EST" name="defineBrowser" finished-at="2024-02-16T14:56:37 EST" duration-ms="7" status="PASS">
          <params>
            <param index="0">
              <value>
                <![CDATA[chrome]]>
              </value>
            </param>
          </params>
          <reporter-output>
          </reporter-output>
        </test-method> <!-- defineBrowser -->
        <test-method is-config="true" signature="setUpClass(org.testng.ITestContext)[pri:0, instance:testrunner.TestRunner1@55183b20]" started-at="2024-02-16T14:56:37 EST" name="setUpClass" finished-at="2024-02-16T14:56:38 EST" duration-ms="266" status="PASS">
          <params>
            <param index="0">
              <value>
                <![CDATA[org.testng.TestRunner@73ee04c8]]>
              </value>
            </param>
          </params>
          <reporter-output>
          </reporter-output>
        </test-method> <!-- setUpClass -->
        <test-method signature="runScenario(io.cucumber.testng.PickleWrapper,io.cucumber.testng.FeatureWrapper)[pri:0, instance:testrunner.TestRunner1@55183b20]" started-at="2024-02-16T14:56:38 EST" name="runScenario" description="Runs Cucumber Scenarios" data-provider="scenarios" finished-at="2024-02-16T14:56:59 EST" duration-ms="21488" status="PASS">
          <params>
            <param index="0">
              <value>
                <![CDATA["Graph Flow - Graph Practice"]]>
              </value>
            </param>
            <param index="1">
              <value>
                <![CDATA["Graph"]]>
              </value>
            </param>
          </params>
          <reporter-output>
          </reporter-output>
        </test-method> <!-- runScenario -->
        <test-method signature="runScenario(io.cucumber.testng.PickleWrapper,io.cucumber.testng.FeatureWrapper)[pri:0, instance:testrunner.TestRunner1@55183b20]" started-at="2024-02-16T14:56:38 EST" name="runScenario" description="Runs Cucumber Scenarios" data-provider="scenarios" finished-at="2024-02-16T14:57:19 EST" duration-ms="41417" status="PASS">
          <params>
            <param index="0">
              <value>
                <![CDATA["Graph Flow - Graph"]]>
              </value>
            </param>
            <param index="1">
              <value>
                <![CDATA["Graph"]]>
              </value>
            </param>
          </params>
          <reporter-output>
          </reporter-output>
        </test-method> <!-- runScenario -->
        <test-method signature="runScenario(io.cucumber.testng.PickleWrapper,io.cucumber.testng.FeatureWrapper)[pri:0, instance:testrunner.TestRunner1@55183b20]" started-at="2024-02-16T14:56:38 EST" name="runScenario" description="Runs Cucumber Scenarios" data-provider="scenarios" finished-at="2024-02-16T14:57:20 EST" duration-ms="42516" status="PASS">
          <params>
            <param index="0">
              <value>
                <![CDATA["Graph Flow - Graph Representations"]]>
              </value>
            </param>
            <param index="1">
              <value>
                <![CDATA["Graph"]]>
              </value>
            </param>
          </params>
          <reporter-output>
          </reporter-output>
        </test-method> <!-- runScenario -->
        <test-method is-config="true" signature="tearDownClass()[pri:0, instance:testrunner.TestRunner1@55183b20]" started-at="2024-02-16T14:57:20 EST" name="tearDownClass" finished-at="2024-02-16T14:57:20 EST" duration-ms="17" status="PASS">
          <reporter-output>
          </reporter-output>
        </test-method> <!-- tearDownClass -->
      </class> <!-- testrunner.TestRunner1 -->
    </test> <!-- ChromeTest -->
    <test started-at="2024-02-16T14:57:20 EST" name="EdgeTest" finished-at="2024-02-16T14:58:07 EST" duration-ms="47191">
      <class name="testrunner.TestRunner1">
        <test-method is-config="true" signature="defineBrowser(java.lang.String)[pri:0, instance:testrunner.TestRunner1@74235045]" started-at="2024-02-16T14:57:20 EST" name="defineBrowser" finished-at="2024-02-16T14:57:20 EST" duration-ms="1" status="PASS">
          <params>
            <param index="0">
              <value>
                <![CDATA[edge]]>
              </value>
            </param>
          </params>
          <reporter-output>
          </reporter-output>
        </test-method> <!-- defineBrowser -->
        <test-method is-config="true" signature="setUpClass(org.testng.ITestContext)[pri:0, instance:testrunner.TestRunner1@74235045]" started-at="2024-02-16T14:57:20 EST" name="setUpClass" finished-at="2024-02-16T14:57:20 EST" duration-ms="14" status="PASS">
          <params>
            <param index="0">
              <value>
                <![CDATA[org.testng.TestRunner@7671cb68]]>
              </value>
            </param>
          </params>
          <reporter-output>
          </reporter-output>
        </test-method> <!-- setUpClass -->
        <test-method signature="runScenario(io.cucumber.testng.PickleWrapper,io.cucumber.testng.FeatureWrapper)[pri:0, instance:testrunner.TestRunner1@74235045]" started-at="2024-02-16T14:57:20 EST" name="runScenario" description="Runs Cucumber Scenarios" data-provider="scenarios" finished-at="2024-02-16T14:58:07 EST" duration-ms="46970" status="PASS">
          <params>
            <param index="0">
              <value>
                <![CDATA["Graph Flow - Graph"]]>
              </value>
            </param>
            <param index="1">
              <value>
                <![CDATA["Graph"]]>
              </value>
            </param>
          </params>
          <reporter-output>
          </reporter-output>
        </test-method> <!-- runScenario -->
        <test-method signature="runScenario(io.cucumber.testng.PickleWrapper,io.cucumber.testng.FeatureWrapper)[pri:0, instance:testrunner.TestRunner1@74235045]" started-at="2024-02-16T14:57:20 EST" name="runScenario" description="Runs Cucumber Scenarios" data-provider="scenarios" finished-at="2024-02-16T14:58:07 EST" duration-ms="47154" status="PASS">
          <params>
            <param index="0">
              <value>
                <![CDATA["Graph Flow - Graph Representations"]]>
              </value>
            </param>
            <param index="1">
              <value>
                <![CDATA["Graph"]]>
              </value>
            </param>
          </params>
          <reporter-output>
          </reporter-output>
        </test-method> <!-- runScenario -->
        <test-method signature="runScenario(io.cucumber.testng.PickleWrapper,io.cucumber.testng.FeatureWrapper)[pri:0, instance:testrunner.TestRunner1@74235045]" started-at="2024-02-16T14:57:20 EST" name="runScenario" description="Runs Cucumber Scenarios" data-provider="scenarios" finished-at="2024-02-16T14:57:45 EST" duration-ms="24318" status="PASS">
          <params>
            <param index="0">
              <value>
                <![CDATA["Graph Flow - Graph Practice"]]>
              </value>
            </param>
            <param index="1">
              <value>
                <![CDATA["Graph"]]>
              </value>
            </param>
          </params>
          <reporter-output>
          </reporter-output>
        </test-method> <!-- runScenario -->
        <test-method is-config="true" signature="tearDownClass()[pri:0, instance:testrunner.TestRunner1@74235045]" started-at="2024-02-16T14:58:07 EST" name="tearDownClass" finished-at="2024-02-16T14:58:07 EST" duration-ms="13" status="PASS">
          <reporter-output>
          </reporter-output>
        </test-method> <!-- tearDownClass -->
      </class> <!-- testrunner.TestRunner1 -->
    </test> <!-- EdgeTest -->
  </suite> <!-- CrossBrowserTesting -->
</testng-results>
